<?xml version="1.0" encoding="UTF-8"?>
<!-- Generated by org.testng.reporters.JUnitXMLReporter -->
<testsuite ignored="0" hostname="Edwin" failures="0" tests="3" name="Login Tests" time="158.728" errors="0" timestamp="2025-08-14T10:43:46 COT">
  <testcase classname="tests.LoginTest" name="failedLogin" time="0.673"/>
  <testcase classname="tests.LoginTest" name="logoutTest" time="146.135"/>
  <testcase classname="tests.LoginTest" name="successfulLogin" time="2.098"/>
</testsuite> <!-- Login Tests -->
